[08/17/2022 22:42:37] Debug: Session id: 1a2b8528-4bc1-4f3f-9846-6bda38cf576b
[08/17/2022 22:42:37] Debug: Code Processor information: Name :SnowConvert, Version: 7.11.81.0
[08/17/2022 22:42:38] Debug: Getting license
[08/17/2022 22:42:38] Debug: License information
	Status: Failed
	Message: No active license available.
[08/17/2022 22:42:38] Info: Starting to validate parameters
[08/17/2022 22:42:38] Info: Parameters to validate: 
	Execution mode: Conversion
	LICENSE_KEY: a3372138-b87e-4a08-b929-3b48b24c63f1
[08/17/2022 22:42:38] Info: Validation of parameters: Success
[08/17/2022 22:42:38] Debug: Getting code descriptor
[08/17/2022 22:42:38] Debug: Code descriptor information
	Units: 51
	Units type: LOC
	All file bytes: 2141
	All found extensions: .sql,.dml,.ddl,.bteq,.btq,.fl,.fload,.ml,.mload,.mld,.tp,.tpump,.tpt
[08/17/2022 22:42:38] Debug: Calculating fingerprint
[08/17/2022 22:42:38] Debug: Fingerprint information Fingerprint(size=2141,projects=1)
[08/17/2022 22:42:38] Info: Starting to try to validate online license for execution
[08/17/2022 22:42:39] Debug: Getting license
[08/17/2022 22:42:39] Debug: License information
	Status: Failed
	Message: No active license available.
[08/17/2022 22:42:39] Debug: Starting the execution of the controller
[08/17/2022 22:42:40] Debug: Executing the worker: SnowConvert
[08/17/2022 22:42:52] Debug: Finished executing the worker: SnowConvert
[08/17/2022 22:42:54] Info: Controller execution ended
